Sat Nov 28 12:51:24 CET 2020: Creating keys for server.
Sat Nov 28 12:57:23 CET 2020: Creating keys for 123123.
Sat Nov 28 12:57:58 CET 2020: Verifying keys for 123123.
Sat Nov 28 12:58:26 CET 2020: Verifying keys for server.
Sat Nov 28 14:45:42 CET 2020: Verifying keys for server.
Sat Nov 28 14:46:39 CET 2020: Verifying keys for server.
Sat Nov 28 15:02:47 CET 2020: Creating keys for 12312355.
Sat Nov 28 15:03:37 CET 2020: Creating keys for 12312356.
Sat Nov 28 15:04:30 CET 2020: Creating keys for 12312357.
Sat Nov 28 15:09:11 CET 2020: Creating keys for 12312357.
Sat Nov 28 15:16:30 CET 2020: Verifying keys for 12312355.
Sat Nov 28 15:16:59 CET 2020: Verifying keys for 12312355.
Sat Nov 28 15:27:46 CET 2020: Verifying keys for 12312355.
Sat Nov 28 15:28:29 CET 2020: Verifying keys for server.
Sat Nov 28 15:30:16 CET 2020: Verifying keys for server.
Sat Nov 28 15:30:25 CET 2020: Verifying keys for 12312355.
Sat Nov 28 15:30:34 CET 2020: Verifying keys for 12312355.
Sat Nov 28 15:31:12 CET 2020: Verifying keys for 12312355.
Sun Nov 29 14:40:12 CET 2020: Creating keys for server.
Sun Nov 29 14:44:02 CET 2020: Creating keys for server.
Sun Nov 29 14:44:48 CET 2020: Creating keys for server.
Sun Nov 29 14:46:14 CET 2020: Creating keys for server.
